bin/org/apache/xalan/xpath/DataProviderAssociation.class
bin/org/apache/xalan/xpath/Dispatcher.class
bin/org/apache/xalan/xpath/DispatcherFactory.class
bin/org/apache/xalan/xpath/DOMXPath.class
bin/org/apache/xalan/xpath/dtm/ChunkedIntArray$ChunksVector.class
bin/org/apache/xalan/xpath/dtm/ChunkedIntArray.class
bin/org/apache/xalan/xpath/dtm/DTM.class
bin/org/apache/xalan/xpath/dtm/DTMException.class
bin/org/apache/xalan/xpath/dtm/DTMLiaison.class
bin/org/apache/xalan/xpath/dtm/DTMNodeLocator.class
bin/org/apache/xalan/xpath/dtm/DTMNodeLocatorFactory.class
bin/org/apache/xalan/xpath/dtm/DTMNodeVector.class
bin/org/apache/xalan/xpath/dtm/DTM$NullSchemaValidator.class
bin/org/apache/xalan/xpath/dtm/DTMProxy.class
bin/org/apache/xalan/xpath/dtm/DTMProxyMap.class
bin/org/apache/xalan/xpath/dtm/DTMXPath.class
bin/org/apache/xalan/xpath/dtm/IntMap.class
bin/org/apache/xalan/xpath/dtm/IntToObjectMap.class
bin/org/apache/xalan/xpath/EmptyNodeListImpl.class
bin/org/apache/xalan/xpath/ExtensionFunctionHandler.class
bin/org/apache/xalan/xpath/FoundIndex.class
bin/org/apache/xalan/xpath/FuncBoolean.class
bin/org/apache/xalan/xpath/FuncCeiling.class
bin/org/apache/xalan/xpath/FuncConcat.class
bin/org/apache/xalan/xpath/FuncContains.class
bin/org/apache/xalan/xpath/FuncCount.class
bin/org/apache/xalan/xpath/FuncCurrent.class
bin/org/apache/xalan/xpath/FuncDoc.class
bin/org/apache/xalan/xpath/FuncDoclocation.class
bin/org/apache/xalan/xpath/FuncExtElementAvailable.class
bin/org/apache/xalan/xpath/FuncExtFunctionAvailable.class
bin/org/apache/xalan/xpath/FuncFalse.class
bin/org/apache/xalan/xpath/FuncFloor.class
bin/org/apache/xalan/xpath/FuncFormatNumber.class
bin/org/apache/xalan/xpath/FuncGenerateId.class
bin/org/apache/xalan/xpath/FuncId.class
bin/org/apache/xalan/xpath/FuncKey.class
bin/org/apache/xalan/xpath/FuncLang.class
bin/org/apache/xalan/xpath/FuncLast.class
bin/org/apache/xalan/xpath/FuncLoader.class
bin/org/apache/xalan/xpath/FuncLocalPart.class
bin/org/apache/xalan/xpath/FuncNamespace.class
bin/org/apache/xalan/xpath/FuncNormalize.class
bin/org/apache/xalan/xpath/FuncNormalizeSpace.class
bin/org/apache/xalan/xpath/FuncNot.class
bin/org/apache/xalan/xpath/FuncNumber.class
bin/org/apache/xalan/xpath/FuncPosition.class
bin/org/apache/xalan/xpath/FuncQname.class
bin/org/apache/xalan/xpath/FuncRound.class
bin/org/apache/xalan/xpath/FuncStartsWith.class
bin/org/apache/xalan/xpath/FuncString.class
bin/org/apache/xalan/xpath/FuncStringLength.class
bin/org/apache/xalan/xpath/FuncSubstringAfter.class
bin/org/apache/xalan/xpath/FuncSubstringBefore.class
bin/org/apache/xalan/xpath/FuncSubstring.class
bin/org/apache/xalan/xpath/FuncSum.class
bin/org/apache/xalan/xpath/FuncSystemProperty.class
bin/org/apache/xalan/xpath/Function.class
bin/org/apache/xalan/xpath/FuncTranslate.class
bin/org/apache/xalan/xpath/FuncTrue.class
bin/org/apache/xalan/xpath/FuncUnparsedEntityURI.class
bin/org/apache/xalan/xpath/KeyDeclaration.class
bin/org/apache/xalan/xpath/MutableNodeList.class
bin/org/apache/xalan/xpath/MutableNodeListImpl.class
bin/org/apache/xalan/xpath/NodeCallback.class
bin/org/apache/xalan/xpath/NodeListImpl.class
bin/org/apache/xalan/xpath/Process.class
bin/org/apache/xalan/xpath/res/XPATHErrorResourceBundle.class
bin/org/apache/xalan/xpath/res/XPATHErrorResources.class
bin/org/apache/xalan/xpath/res/XPATHErrorResources_en.class
bin/org/apache/xalan/xpath/SimpleNodeLocator.class
bin/org/apache/xalan/xpath/SimpleNodeLocatorFactory.class
bin/org/apache/xalan/xpath/SimpleNodeLocator$FileFilter.class
bin/org/apache/xalan/xpath/XBoolean.class
bin/org/apache/xalan/xpath/XBooleanStatic.class
bin/org/apache/xalan/xpath/xdom/XercesLiaison.class
bin/org/apache/xalan/xpath/xdom/XercesLiaison$MyParser.class
bin/org/apache/xalan/xpath/xdom/XercesLiaison$NullSchemaValidator.class
bin/org/apache/xalan/xpath/XLocator.class
bin/org/apache/xalan/xpath/xml/AttList.class
bin/org/apache/xalan/xpath/xml/BoolStack.class
bin/org/apache/xalan/xpath/xml/DefaultErrorHandler.class
bin/org/apache/xalan/xpath/xml/ElemDesc.class
bin/org/apache/xalan/xpath/xml/FormatterToDOM.class
bin/org/apache/xalan/xpath/xml/FormatterToHTML.class
bin/org/apache/xalan/xpath/xml/FormatterToText.class
bin/org/apache/xalan/xpath/xml/FormatterToXML.class
bin/org/apache/xalan/xpath/xml/IntStack.class
bin/org/apache/xalan/xpath/xml/IntVector.class
bin/org/apache/xalan/xpath/xml/MutableAttrListImpl.class
bin/org/apache/xalan/xpath/xml/NameSpace.class
bin/org/apache/xalan/xpath/xml/NodeVector.class
bin/org/apache/xalan/xpath/xml/NSInfo.class
bin/org/apache/xalan/xpath/xml/PrefixResolver.class
bin/org/apache/xalan/xpath/xml/PrefixResolverDefault.class
bin/org/apache/xalan/xpath/xml/ProblemListener.class
bin/org/apache/xalan/xpath/xml/ProblemListenerDefault.class
bin/org/apache/xalan/xpath/xml/QName.class
bin/org/apache/xalan/xpath/xml/RawCharacterHandler.class
bin/org/apache/xalan/xpath/xml/StringKey.class
bin/org/apache/xalan/xpath/xml/StringToStringTable.class
bin/org/apache/xalan/xpath/xml/StringToStringTableVector.class
bin/org/apache/xalan/xpath/xml/StringVector.class
bin/org/apache/xalan/xpath/xml/TreeWalker.class
bin/org/apache/xalan/xpath/xml/Trie.class
bin/org/apache/xalan/xpath/xml/Trie$Node.class
bin/org/apache/xalan/xpath/xml/WrongParserException.class
bin/org/apache/xalan/xpath/xml/XMLParserLiaison.class
bin/org/apache/xalan/xpath/xml/XMLParserLiaisonDefault.class
bin/org/apache/xalan/xpath/xml/XSLMessages.class
bin/org/apache/xalan/xpath/xml/XSLResourceBundle.class
bin/org/apache/xalan/xpath/XNodeSet.class
bin/org/apache/xalan/xpath/XNull.class
bin/org/apache/xalan/xpath/XNumber.class
bin/org/apache/xalan/xpath/XObject.class
bin/org/apache/xalan/xpath/XPath.class
bin/org/apache/xalan/xpath/XPathEnvSupport.class
bin/org/apache/xalan/xpath/XPathException.class
bin/org/apache/xalan/xpath/XPathFactory.class
bin/org/apache/xalan/xpath/XPathProcessor.class
bin/org/apache/xalan/xpath/XPathProcessorException.class
bin/org/apache/xalan/xpath/XPathProcessorImpl.class
bin/org/apache/xalan/xpath/XPathSupport.class
bin/org/apache/xalan/xpath/XPathSupportDefault.class
bin/org/apache/xalan/xpath/XPathSupportDefault$XPathContext.class
bin/org/apache/xalan/xpath/XRTreeFrag.class
bin/org/apache/xalan/xpath/XSLTJavaClassEngine.class
bin/org/apache/xalan/xpath/XString.class
bin/org/apache/xalan/xslt/Arg.class
bin/org/apache/xalan/xslt/AVT.class
bin/org/apache/xalan/xslt/AVTPart.class
bin/org/apache/xalan/xslt/AVTPartSimple.class
bin/org/apache/xalan/xslt/AVTPartXPath.class
bin/org/apache/xalan/xslt/client/XSLTProcessorApplet.class
bin/org/apache/xalan/xslt/client/XSLTProcessorApplet$TrustedAgent.class
bin/org/apache/xalan/xslt/Constants.class
bin/org/apache/xalan/xslt/Counter.class
bin/org/apache/xalan/xslt/CountersTable.class
bin/org/apache/xalan/xslt/DecimalToRoman.class
bin/org/apache/xalan/xslt/ElemApplyImport.class
bin/org/apache/xalan/xslt/ElemApplyTemplates.class
bin/org/apache/xalan/xslt/ElemAttribute.class
bin/org/apache/xalan/xslt/ElemAttributeSet.class
bin/org/apache/xalan/xslt/ElemCallTemplate.class
bin/org/apache/xalan/xslt/ElemChoose.class
bin/org/apache/xalan/xslt/ElemComment.class
bin/org/apache/xalan/xslt/ElemCopy.class
bin/org/apache/xalan/xslt/ElemCopyOf.class
bin/org/apache/xalan/xslt/ElemDecimalFormat.class
bin/org/apache/xalan/xslt/ElemElement.class
bin/org/apache/xalan/xslt/ElemEmpty.class
bin/org/apache/xalan/xslt/ElemExtensionCall.class
bin/org/apache/xalan/xslt/ElemFallback.class
bin/org/apache/xalan/xslt/ElemForEach.class
bin/org/apache/xalan/xslt/ElemIf.class
bin/org/apache/xalan/xslt/ElemLiteralResult.class
bin/org/apache/xalan/xslt/ElemMessage.class
bin/org/apache/xalan/xslt/ElemNumber.class
bin/org/apache/xalan/xslt/ElemNumber$NumberFormatStringTokenizer.class
bin/org/apache/xalan/xslt/ElemOtherwise.class
bin/org/apache/xalan/xslt/ElemParam.class
bin/org/apache/xalan/xslt/ElemPI.class
bin/org/apache/xalan/xslt/ElemSort.class
bin/org/apache/xalan/xslt/ElemTemplate.class
bin/org/apache/xalan/xslt/ElemTemplateElement.class
bin/org/apache/xalan/xslt/ElemText.class
bin/org/apache/xalan/xslt/ElemTextLiteral.class
bin/org/apache/xalan/xslt/ElemUse.class
bin/org/apache/xalan/xslt/ElemValueOf.class
bin/org/apache/xalan/xslt/ElemVariable.class
bin/org/apache/xalan/xslt/ElemWhen.class
bin/org/apache/xalan/xslt/ElemWithParam.class
bin/org/apache/xalan/xslt/ExtensionNSHandler.class
bin/org/apache/xalan/xslt/ExtensionNSHandler$ExtErrorHandler.class
bin/org/apache/xalan/xslt/extensions/Redirect.class
bin/org/apache/xalan/xslt/FuncDocument.class
bin/org/apache/xalan/xslt/FuncFormatNumb.class
bin/org/apache/xalan/xslt/KeyTable.class
bin/org/apache/xalan/xslt/NodeSorter.class
bin/org/apache/xalan/xslt/NodeSorter$NodeCompareElem.class
bin/org/apache/xalan/xslt/NodeSortKey.class
bin/org/apache/xalan/xslt/NumeratorFormatter.class
bin/org/apache/xalan/xslt/NumeratorFormatter$NumberFormatStringTokenizer.class
bin/org/apache/xalan/xslt/Process.class
bin/org/apache/xalan/xslt/ResultNameSpace.class
bin/org/apache/xalan/xslt/ResultTreeFrag.class
bin/org/apache/xalan/xslt/res/XSLTErrorResources.class
bin/org/apache/xalan/xslt/res/XSLTErrorResources_en.class
bin/org/apache/xalan/xslt/res/XSLTResourceBundle.class
bin/org/apache/xalan/xslt/res/XSLTResources_cy.class
bin/org/apache/xalan/xslt/res/XSLTResources_el.class
bin/org/apache/xalan/xslt/res/XSLTResources_en.class
bin/org/apache/xalan/xslt/res/XSLTResources_he.class
bin/org/apache/xalan/xslt/res/XSLTResources_hy.class
bin/org/apache/xalan/xslt/res/XSLTResources_ja_JP_A.class
bin/org/apache/xalan/xslt/res/XSLTResources_ja_JP_HA.class
bin/org/apache/xalan/xslt/res/XSLTResources_ja_JP_HI.class
bin/org/apache/xalan/xslt/res/XSLTResources_ja_JP_I.class
bin/org/apache/xalan/xslt/res/XSLTResources_ka.class
bin/org/apache/xalan/xslt/res/XSLTResources_zh_CN.class
bin/org/apache/xalan/xslt/res/XSLTResources_zh_TW.class
bin/org/apache/xalan/xslt/Stylesheet.class
bin/org/apache/xalan/xslt/StylesheetHandler.class
bin/org/apache/xalan/xslt/StylesheetRoot.class
bin/org/apache/xalan/xslt/StylesheetSpec.class
bin/org/apache/xalan/xslt/TemplateElementContext.class
bin/org/apache/xalan/xslt/TemplateList.class
bin/org/apache/xalan/xslt/TemplateList$MatchPattern2.class
bin/org/apache/xalan/xslt/trace/GenerateEvent.class
bin/org/apache/xalan/xslt/trace/PrintTraceListener.class
bin/org/apache/xalan/xslt/trace/SelectionEvent.class
bin/org/apache/xalan/xslt/trace/TraceListener.class
bin/org/apache/xalan/xslt/trace/TracerEvent.class
bin/org/apache/xalan/xslt/TreeWalker2Result.class
bin/org/apache/xalan/xslt/UnImplNode.class
bin/org/apache/xalan/xslt/VariableStack.class
bin/org/apache/xalan/xslt/XSLProcessorContext.class
bin/org/apache/xalan/xslt/XSLProcessorException.class
bin/org/apache/xalan/xslt/XSLProcessorVersion.class
bin/org/apache/xalan/xslt/XSLTEngineImpl.class
bin/org/apache/xalan/xslt/XSLTEngineImpl$ResultTreeHandler.class
bin/org/apache/xalan/xslt/XSLTEngineImpl$StackGuard.class
bin/org/apache/xalan/xslt/XSLTEngineImpl$XSLInfiniteLoopException.class
bin/org/apache/xalan/xslt/XSLTInputSource.class
bin/org/apache/xalan/xslt/XSLTProcessor.class
bin/org/apache/xalan/xslt/XSLTProcessorFactory.class
bin/org/apache/xalan/xslt/XSLTResultTarget.class
