   481 Mon Mar 20 15:01:46 EST 2000 org/apache/xalan/xpath/DataProviderAssociation.class
   675 Mon Mar 20 15:01:46 EST 2000 org/apache/xalan/xpath/Dispatcher.class
   308 Mon Mar 20 15:01:46 EST 2000 org/apache/xalan/xpath/DispatcherFactory.class
   705 Mon Mar 20 15:01:52 EST 2000 org/apache/xalan/xpath/DOMXPath.class
  1118 Mon Mar 20 15:01:56 EST 2000 org/apache/xalan/xpath/dtm/ChunkedIntArray$ChunksVector.class
  2695 Mon Mar 20 15:01:56 EST 2000 org/apache/xalan/xpath/dtm/ChunkedIntArray.class
   944 Mon Mar 20 15:01:58 EST 2000 org/apache/xalan/xpath/dtm/DTM$NullSchemaValidator.class
 18740 Mon Mar 20 15:01:58 EST 2000 org/apache/xalan/xpath/dtm/DTM.class
   367 Mon Mar 20 15:01:58 EST 2000 org/apache/xalan/xpath/dtm/DTMException.class
  5441 Mon Mar 20 15:01:58 EST 2000 org/apache/xalan/xpath/dtm/DTMLiaison.class
   659 Mon Mar 20 15:01:58 EST 2000 org/apache/xalan/xpath/dtm/DTMNodeLocator.class
   508 Mon Mar 20 15:01:58 EST 2000 org/apache/xalan/xpath/dtm/DTMNodeLocatorFactory.class
   873 Mon Mar 20 15:01:58 EST 2000 org/apache/xalan/xpath/dtm/DTMNodeVector.class
  8326 Mon Mar 20 15:01:58 EST 2000 org/apache/xalan/xpath/dtm/DTMProxy.class
  1668 Mon Mar 20 15:01:58 EST 2000 org/apache/xalan/xpath/dtm/DTMProxyMap.class
   651 Mon Mar 20 15:01:58 EST 2000 org/apache/xalan/xpath/dtm/DTMXPath.class
   789 Mon Mar 20 15:01:58 EST 2000 org/apache/xalan/xpath/dtm/IntMap.class
   926 Mon Mar 20 15:01:58 EST 2000 org/apache/xalan/xpath/dtm/IntToObjectMap.class
  1329 Mon Mar 20 15:01:50 EST 2000 org/apache/xalan/xpath/EmptyNodeListImpl.class
  8885 Mon Mar 20 15:01:48 EST 2000 org/apache/xalan/xpath/ExtensionFunctionHandler.class
   273 Mon Mar 20 15:01:48 EST 2000 org/apache/xalan/xpath/FoundIndex.class
   768 Mon Mar 20 15:01:48 EST 2000 org/apache/xalan/xpath/FuncBoolean.class
   763 Mon Mar 20 15:01:48 EST 2000 org/apache/xalan/xpath/FuncCeiling.class
   876 Mon Mar 20 15:01:48 EST 2000 org/apache/xalan/xpath/FuncConcat.class
   905 Mon Mar 20 15:01:48 EST 2000 org/apache/xalan/xpath/FuncContains.class
   956 Mon Mar 20 15:01:48 EST 2000 org/apache/xalan/xpath/FuncCount.class
   916 Mon Mar 20 15:01:48 EST 2000 org/apache/xalan/xpath/FuncCurrent.class
   642 Mon Mar 20 15:01:48 EST 2000 org/apache/xalan/xpath/FuncDoc.class
  1325 Mon Mar 20 15:01:48 EST 2000 org/apache/xalan/xpath/FuncDoclocation.class
  1359 Mon Mar 20 15:01:48 EST 2000 org/apache/xalan/xpath/FuncExtElementAvailable.class
  1362 Mon Mar 20 15:01:48 EST 2000 org/apache/xalan/xpath/FuncExtFunctionAvailable.class
   559 Mon Mar 20 15:01:48 EST 2000 org/apache/xalan/xpath/FuncFalse.class
   760 Mon Mar 20 15:01:48 EST 2000 org/apache/xalan/xpath/FuncFloor.class
  1404 Mon Mar 20 15:01:48 EST 2000 org/apache/xalan/xpath/FuncGenerateId.class
  2350 Mon Mar 20 15:01:48 EST 2000 org/apache/xalan/xpath/FuncId.class
  2459 Mon Mar 20 15:01:48 EST 2000 org/apache/xalan/xpath/FuncKey.class
  1322 Mon Mar 20 15:01:48 EST 2000 org/apache/xalan/xpath/FuncLang.class
   735 Mon Mar 20 15:01:48 EST 2000 org/apache/xalan/xpath/FuncLast.class
  1945 Mon Mar 20 15:01:48 EST 2000 org/apache/xalan/xpath/FuncLoader.class
  1211 Mon Mar 20 15:01:48 EST 2000 org/apache/xalan/xpath/FuncLocalPart.class
  1212 Mon Mar 20 15:01:48 EST 2000 org/apache/xalan/xpath/FuncNamespace.class
  1805 Mon Mar 20 15:01:48 EST 2000 org/apache/xalan/xpath/FuncNormalizeSpace.class
   760 Mon Mar 20 15:01:48 EST 2000 org/apache/xalan/xpath/FuncNot.class
   999 Mon Mar 20 15:01:48 EST 2000 org/apache/xalan/xpath/FuncNumber.class
   675 Mon Mar 20 15:01:48 EST 2000 org/apache/xalan/xpath/FuncPosition.class
  1355 Mon Mar 20 15:01:48 EST 2000 org/apache/xalan/xpath/FuncQname.class
   773 Mon Mar 20 15:01:48 EST 2000 org/apache/xalan/xpath/FuncRound.class
   858 Mon Mar 20 15:01:48 EST 2000 org/apache/xalan/xpath/FuncStartsWith.class
  1084 Mon Mar 20 15:01:48 EST 2000 org/apache/xalan/xpath/FuncString.class
  1081 Mon Mar 20 15:01:48 EST 2000 org/apache/xalan/xpath/FuncStringLength.class
  1276 Mon Mar 20 15:01:48 EST 2000 org/apache/xalan/xpath/FuncSubstring.class
   920 Mon Mar 20 15:01:48 EST 2000 org/apache/xalan/xpath/FuncSubstringAfter.class
   893 Mon Mar 20 15:01:48 EST 2000 org/apache/xalan/xpath/FuncSubstringBefore.class
  1116 Mon Mar 20 15:01:50 EST 2000 org/apache/xalan/xpath/FuncSum.class
  2990 Mon Mar 20 15:01:50 EST 2000 org/apache/xalan/xpath/FuncSystemProperty.class
  1190 Mon Mar 20 15:01:50 EST 2000 org/apache/xalan/xpath/Function.class
  1288 Mon Mar 20 15:01:50 EST 2000 org/apache/xalan/xpath/FuncTranslate.class
   556 Mon Mar 20 15:01:50 EST 2000 org/apache/xalan/xpath/FuncTrue.class
  1256 Mon Mar 20 15:01:50 EST 2000 org/apache/xalan/xpath/FuncUnparsedEntityURI.class
   736 Mon Mar 20 15:01:50 EST 2000 org/apache/xalan/xpath/KeyDeclaration.class
   671 Mon Mar 20 15:01:50 EST 2000 org/apache/xalan/xpath/MutableNodeList.class
  5073 Mon Mar 20 15:01:50 EST 2000 org/apache/xalan/xpath/MutableNodeListImpl.class
   347 Mon Mar 20 15:01:50 EST 2000 org/apache/xalan/xpath/NodeCallback.class
   523 Mon Mar 20 15:01:50 EST 2000 org/apache/xalan/xpath/NodeListImpl.class
  4301 Mon Mar 20 15:01:50 EST 2000 org/apache/xalan/xpath/Process.class
 14020 Mon Mar 20 15:01:54 EST 2000 org/apache/xalan/xpath/res/XPATHErrorResources.class
   321 Mon Mar 20 15:01:54 EST 2000 org/apache/xalan/xpath/res/XPATHErrorResources_en.class
   904 Mon Mar 20 15:01:52 EST 2000 org/apache/xalan/xpath/SimpleNodeLocator$FileFilter.class
 17886 Mon Mar 20 15:01:52 EST 2000 org/apache/xalan/xpath/SimpleNodeLocator.class
   562 Mon Mar 20 15:01:52 EST 2000 org/apache/xalan/xpath/SimpleNodeLocatorFactory.class
   975 Mon Mar 20 15:01:52 EST 2000 org/apache/xalan/xpath/XBoolean.class
   530 Mon Mar 20 15:01:52 EST 2000 org/apache/xalan/xpath/XBooleanStatic.class
  1440 Mon Mar 20 15:01:56 EST 2000 org/apache/xalan/xpath/xdom/XercesLiaison$MyParser.class
   984 Mon Mar 20 15:01:56 EST 2000 org/apache/xalan/xpath/xdom/XercesLiaison$NullSchemaValidator.class
  6203 Mon Mar 20 15:01:56 EST 2000 org/apache/xalan/xpath/xdom/XercesLiaison.class
   976 Mon Mar 20 15:01:52 EST 2000 org/apache/xalan/xpath/XLocator.class
  1089 Mon Mar 20 15:02:06 EST 2000 org/apache/xalan/xpath/xml/AttList.class
  1145 Mon Mar 20 15:02:10 EST 2000 org/apache/xalan/xpath/xml/BoolStack.class
  1430 Mon Mar 20 15:02:06 EST 2000 org/apache/xalan/xpath/xml/DefaultErrorHandler.class
  1627 Mon Mar 20 15:02:10 EST 2000 org/apache/xalan/xpath/xml/ElemDesc.class
  4649 Mon Mar 20 15:02:06 EST 2000 org/apache/xalan/xpath/xml/FormatterToDOM.class
 16542 Mon Mar 20 15:02:08 EST 2000 org/apache/xalan/xpath/xml/FormatterToHTML.class
  1979 Mon Mar 20 15:02:08 EST 2000 org/apache/xalan/xpath/xml/FormatterToText.class
 20185 Mon Mar 20 15:02:08 EST 2000 org/apache/xalan/xpath/xml/FormatterToXML.class
  1097 Mon Mar 20 15:02:10 EST 2000 org/apache/xalan/xpath/xml/IntStack.class
  1969 Mon Mar 20 15:02:10 EST 2000 org/apache/xalan/xpath/xml/IntVector.class
  2422 Mon Mar 20 15:02:06 EST 2000 org/apache/xalan/xpath/xml/MutableAttrListImpl.class
   491 Mon Mar 20 15:02:08 EST 2000 org/apache/xalan/xpath/xml/NameSpace.class
  2338 Mon Mar 20 15:02:10 EST 2000 org/apache/xalan/xpath/xml/NodeVector.class
   812 Mon Mar 20 15:02:08 EST 2000 org/apache/xalan/xpath/xml/NSInfo.class
   398 Mon Mar 20 15:02:10 EST 2000 org/apache/xalan/xpath/xml/PrefixResolver.class
  1634 Mon Mar 20 15:02:10 EST 2000 org/apache/xalan/xpath/xml/PrefixResolverDefault.class
   608 Mon Mar 20 15:02:10 EST 2000 org/apache/xalan/xpath/xml/ProblemListener.class
  2065 Mon Mar 20 15:02:10 EST 2000 org/apache/xalan/xpath/xml/ProblemListenerDefault.class
  3368 Mon Mar 20 15:02:10 EST 2000 org/apache/xalan/xpath/xml/QName.class
   291 Mon Mar 20 15:02:10 EST 2000 org/apache/xalan/xpath/xml/RawCharacterHandler.class
   574 Mon Mar 20 15:02:10 EST 2000 org/apache/xalan/xpath/xml/StringKey.class
  1927 Mon Mar 20 15:02:10 EST 2000 org/apache/xalan/xpath/xml/StringToStringTable.class
  1737 Mon Mar 20 15:02:10 EST 2000 org/apache/xalan/xpath/xml/StringToStringTableVector.class
  1697 Mon Mar 20 15:02:10 EST 2000 org/apache/xalan/xpath/xml/StringVector.class
  3333 Mon Mar 20 15:02:10 EST 2000 org/apache/xalan/xpath/xml/TreeWalker.class
   626 Mon Mar 20 15:02:08 EST 2000 org/apache/xalan/xpath/xml/Trie$Node.class
  1262 Mon Mar 20 15:02:08 EST 2000 org/apache/xalan/xpath/xml/Trie.class
   320 Mon Mar 20 15:02:10 EST 2000 org/apache/xalan/xpath/xml/WrongParserException.class
  1541 Mon Mar 20 15:02:10 EST 2000 org/apache/xalan/xpath/xml/XMLParserLiaison.class
 21318 Mon Mar 20 15:02:10 EST 2000 org/apache/xalan/xpath/xml/XMLParserLiaisonDefault.class
  4237 Mon Mar 20 15:02:10 EST 2000 org/apache/xalan/xpath/xml/XSLMessages.class
   365 Mon Mar 20 15:02:10 EST 2000 org/apache/xalan/xpath/xml/XSLResourceBundle.class
  7347 Mon Mar 20 15:01:52 EST 2000 org/apache/xalan/xpath/XNodeSet.class
  1095 Mon Mar 20 15:01:52 EST 2000 org/apache/xalan/xpath/XNull.class
  1459 Mon Mar 20 15:01:52 EST 2000 org/apache/xalan/xpath/XNumber.class
  3752 Mon Mar 20 15:01:52 EST 2000 org/apache/xalan/xpath/XObject.class
 23517 Mon Mar 20 15:01:52 EST 2000 org/apache/xalan/xpath/XPath.class
  1193 Mon Mar 20 15:01:52 EST 2000 org/apache/xalan/xpath/XPathEnvSupport.class
  1959 Mon Mar 20 15:01:52 EST 2000 org/apache/xalan/xpath/XPathException.class
   251 Mon Mar 20 15:01:52 EST 2000 org/apache/xalan/xpath/XPathFactory.class
   397 Mon Mar 20 15:01:52 EST 2000 org/apache/xalan/xpath/XPathProcessor.class
   437 Mon Mar 20 15:01:52 EST 2000 org/apache/xalan/xpath/XPathProcessorException.class
 37575 Mon Mar 20 15:01:54 EST 2000 org/apache/xalan/xpath/XPathProcessorImpl.class
  2674 Mon Mar 20 15:01:54 EST 2000 org/apache/xalan/xpath/XPathSupport.class
  2189 Mon Mar 20 15:01:54 EST 2000 org/apache/xalan/xpath/XPathSupportDefault$XPathContext.class
  8812 Mon Mar 20 15:01:54 EST 2000 org/apache/xalan/xpath/XPathSupportDefault.class
  2224 Mon Mar 20 15:01:54 EST 2000 org/apache/xalan/xpath/XRTreeFrag.class
  4705 Mon Mar 20 15:01:54 EST 2000 org/apache/xalan/xpath/XSLTJavaClassEngine.class
  1816 Mon Mar 20 15:01:54 EST 2000 org/apache/xalan/xpath/XString.class
  1558 Mon Mar 20 15:02:28 EST 2000 org/apache/xalan/xslt/Arg.class
  3305 Mon Mar 20 15:02:28 EST 2000 org/apache/xalan/xslt/AVT.class
   571 Mon Mar 20 15:02:28 EST 2000 org/apache/xalan/xslt/AVTPart.class
   650 Mon Mar 20 15:02:28 EST 2000 org/apache/xalan/xslt/AVTPartSimple.class
  1545 Mon Mar 20 15:02:30 EST 2000 org/apache/xalan/xslt/AVTPartXPath.class
  1399 Mon Mar 20 15:02:46 EST 2000 org/apache/xalan/xslt/client/XSLTProcessorApplet$TrustedAgent.class
 10145 Mon Mar 20 15:02:46 EST 2000 org/apache/xalan/xslt/client/XSLTProcessorApplet.class
 17044 Mon Mar 20 15:02:30 EST 2000 org/apache/xalan/xslt/Constants.class
  1543 Mon Mar 20 15:02:46 EST 2000 org/apache/xalan/xslt/Counter.class
  2543 Mon Mar 20 15:02:46 EST 2000 org/apache/xalan/xslt/CountersTable.class
   509 Mon Mar 20 15:02:30 EST 2000 org/apache/xalan/xslt/DecimalToRoman.class
  2346 Mon Mar 20 15:02:30 EST 2000 org/apache/xalan/xslt/ElemApplyImport.class
  4357 Mon Mar 20 15:02:30 EST 2000 org/apache/xalan/xslt/ElemApplyTemplates.class
  4363 Mon Mar 20 15:02:30 EST 2000 org/apache/xalan/xslt/ElemAttribute.class
  2990 Mon Mar 20 15:02:30 EST 2000 org/apache/xalan/xslt/ElemAttributeSet.class
  3200 Mon Mar 20 15:02:30 EST 2000 org/apache/xalan/xslt/ElemCallTemplate.class
  3150 Mon Mar 20 15:02:30 EST 2000 org/apache/xalan/xslt/ElemChoose.class
  2138 Mon Mar 20 15:02:30 EST 2000 org/apache/xalan/xslt/ElemComment.class
  2912 Mon Mar 20 15:02:30 EST 2000 org/apache/xalan/xslt/ElemCopy.class
  4499 Mon Mar 20 15:02:30 EST 2000 org/apache/xalan/xslt/ElemCopyOf.class
  3636 Mon Mar 20 15:02:30 EST 2000 org/apache/xalan/xslt/ElemDecimalFormat.class
  4170 Mon Mar 20 15:02:30 EST 2000 org/apache/xalan/xslt/ElemElement.class
   457 Mon Mar 20 15:02:32 EST 2000 org/apache/xalan/xslt/ElemEmpty.class
  4888 Mon Mar 20 15:02:32 EST 2000 org/apache/xalan/xslt/ElemExtensionCall.class
  2056 Mon Mar 20 15:02:32 EST 2000 org/apache/xalan/xslt/ElemFallback.class
  2723 Mon Mar 20 15:02:32 EST 2000 org/apache/xalan/xslt/ElemForEach.class
  2832 Mon Mar 20 15:02:32 EST 2000 org/apache/xalan/xslt/ElemIf.class
  4754 Mon Mar 20 15:02:34 EST 2000 org/apache/xalan/xslt/ElemLiteralResult.class
  1927 Mon Mar 20 15:02:34 EST 2000 org/apache/xalan/xslt/ElemMessage.class
  1654 Mon Mar 20 15:02:36 EST 2000 org/apache/xalan/xslt/ElemNumber$NumberFormatStringTokenizer.class
 16612 Mon Mar 20 15:02:36 EST 2000 org/apache/xalan/xslt/ElemNumber.class
  1024 Mon Mar 20 15:02:36 EST 2000 org/apache/xalan/xslt/ElemOtherwise.class
  2042 Mon Mar 20 15:02:36 EST 2000 org/apache/xalan/xslt/ElemParam.class
  3239 Mon Mar 20 15:02:36 EST 2000 org/apache/xalan/xslt/ElemPI.class
  2877 Mon Mar 20 15:02:36 EST 2000 org/apache/xalan/xslt/ElemSort.class
  2999 Mon Mar 20 15:02:36 EST 2000 org/apache/xalan/xslt/ElemTemplate.class
 18720 Mon Mar 20 15:02:40 EST 2000 org/apache/xalan/xslt/ElemTemplateElement.class
  1630 Mon Mar 20 15:02:40 EST 2000 org/apache/xalan/xslt/ElemText.class
  1625 Mon Mar 20 15:02:40 EST 2000 org/apache/xalan/xslt/ElemTextLiteral.class
  2218 Mon Mar 20 15:02:40 EST 2000 org/apache/xalan/xslt/ElemUse.class
  4302 Mon Mar 20 15:02:40 EST 2000 org/apache/xalan/xslt/ElemValueOf.class
  4073 Mon Mar 20 15:02:40 EST 2000 org/apache/xalan/xslt/ElemVariable.class
  1517 Mon Mar 20 15:02:40 EST 2000 org/apache/xalan/xslt/ElemWhen.class
  1710 Mon Mar 20 15:02:40 EST 2000 org/apache/xalan/xslt/ElemWithParam.class
  1308 Mon Mar 20 15:02:40 EST 2000 org/apache/xalan/xslt/ExtensionNSHandler$ExtErrorHandler.class
  6800 Mon Mar 20 15:02:40 EST 2000 org/apache/xalan/xslt/ExtensionNSHandler.class
  4522 Mon Mar 20 15:02:46 EST 2000 org/apache/xalan/xslt/extensions/Redirect.class
  4581 Mon Mar 20 15:02:40 EST 2000 org/apache/xalan/xslt/FuncDocument.class
  2689 Mon Mar 20 15:02:40 EST 2000 org/apache/xalan/xslt/FuncFormatNumb.class
  4414 Mon Mar 20 15:02:40 EST 2000 org/apache/xalan/xslt/KeyTable.class
  1936 Mon Mar 20 15:02:40 EST 2000 org/apache/xalan/xslt/NodeSorter$NodeCompareElem.class
  4429 Mon Mar 20 15:02:40 EST 2000 org/apache/xalan/xslt/NodeSorter.class
  1574 Mon Mar 20 15:02:40 EST 2000 org/apache/xalan/xslt/NodeSortKey.class
  1493 Mon Mar 20 15:02:40 EST 2000 org/apache/xalan/xslt/NumeratorFormatter$NumberFormatStringTokenizer.class
  3171 Mon Mar 20 15:02:40 EST 2000 org/apache/xalan/xslt/NumeratorFormatter.class
 11210 Mon Mar 20 15:02:42 EST 2000 org/apache/xalan/xslt/Process.class
 22338 Mon Mar 20 15:02:48 EST 2000 org/apache/xalan/xslt/res/XSLTErrorResources.class
   316 Mon Mar 20 15:02:48 EST 2000 org/apache/xalan/xslt/res/XSLTErrorResources_en.class
  2531 Mon Mar 20 15:02:46 EST 2000 org/apache/xalan/xslt/res/XSLTResourceBundle.class
  1842 Mon Mar 20 15:02:48 EST 2000 org/apache/xalan/xslt/res/XSLTResources_el.class
  1181 Mon Mar 20 15:02:46 EST 2000 org/apache/xalan/xslt/res/XSLTResources_en.class
  1469 Mon Mar 20 15:02:48 EST 2000 org/apache/xalan/xslt/res/XSLTResources_he.class
  1815 Mon Mar 20 15:02:48 EST 2000 org/apache/xalan/xslt/res/XSLTResources_hy.class
  1873 Mon Mar 20 15:02:48 EST 2000 org/apache/xalan/xslt/res/XSLTResources_ja_JP_A.class
  1875 Mon Mar 20 15:02:48 EST 2000 org/apache/xalan/xslt/res/XSLTResources_ja_JP_HA.class
  1868 Mon Mar 20 15:02:48 EST 2000 org/apache/xalan/xslt/res/XSLTResources_ja_JP_HI.class
  1866 Mon Mar 20 15:02:48 EST 2000 org/apache/xalan/xslt/res/XSLTResources_ja_JP_I.class
  1815 Mon Mar 20 15:02:48 EST 2000 org/apache/xalan/xslt/res/XSLTResources_ka.class
  1804 Mon Mar 20 15:02:48 EST 2000 org/apache/xalan/xslt/res/XSLTResources_zh_CN.class
  1820 Mon Mar 20 15:02:48 EST 2000 org/apache/xalan/xslt/res/XSLTResources_zh_TW.class
   471 Mon Mar 20 15:02:46 EST 2000 org/apache/xalan/xslt/ResultNameSpace.class
  3734 Mon Mar 20 15:02:42 EST 2000 org/apache/xalan/xslt/ResultTreeFrag.class
 25650 Mon Mar 20 15:02:42 EST 2000 org/apache/xalan/xslt/Stylesheet.class
 20767 Mon Mar 20 15:02:44 EST 2000 org/apache/xalan/xslt/StylesheetHandler.class
 14950 Mon Mar 20 15:02:44 EST 2000 org/apache/xalan/xslt/StylesheetRoot.class
   932 Mon Mar 20 15:02:44 EST 2000 org/apache/xalan/xslt/StylesheetSpec.class
  1051 Mon Mar 20 15:02:46 EST 2000 org/apache/xalan/xslt/TemplateElementContext.class
  1734 Mon Mar 20 15:02:46 EST 2000 org/apache/xalan/xslt/TemplateList$MatchPattern2.class
  7214 Mon Mar 20 15:02:46 EST 2000 org/apache/xalan/xslt/TemplateList.class
  1765 Mon Mar 20 15:02:46 EST 2000 org/apache/xalan/xslt/trace/GenerateEvent.class
  4767 Mon Mar 20 15:02:46 EST 2000 org/apache/xalan/xslt/trace/PrintTraceListener.class
   943 Mon Mar 20 15:02:46 EST 2000 org/apache/xalan/xslt/trace/SelectionEvent.class
   478 Mon Mar 20 15:02:46 EST 2000 org/apache/xalan/xslt/trace/TraceListener.class
  2132 Mon Mar 20 15:02:46 EST 2000 org/apache/xalan/xslt/trace/TracerEvent.class
  2655 Mon Mar 20 15:02:46 EST 2000 org/apache/xalan/xslt/TreeWalker2Result.class
  4296 Mon Mar 20 15:02:44 EST 2000 org/apache/xalan/xslt/UnImplNode.class
  4284 Mon Mar 20 15:02:46 EST 2000 org/apache/xalan/xslt/VariableStack.class
   767 Mon Mar 20 15:02:46 EST 2000 org/apache/xalan/xslt/XSLProcessorContext.class
   850 Mon Mar 20 15:02:46 EST 2000 org/apache/xalan/xslt/XSLProcessorException.class
  1004 Mon Mar 20 15:02:46 EST 2000 org/apache/xalan/xslt/XSLProcessorVersion.class
  6741 Mon Mar 20 15:02:46 EST 2000 org/apache/xalan/xslt/XSLTEngineImpl$ResultTreeHandler.class
  2770 Mon Mar 20 15:02:44 EST 2000 org/apache/xalan/xslt/XSLTEngineImpl$StackGuard.class
   768 Mon Mar 20 15:02:44 EST 2000 org/apache/xalan/xslt/XSLTEngineImpl$XSLInfiniteLoopException.class
 42068 Mon Mar 20 15:02:44 EST 2000 org/apache/xalan/xslt/XSLTEngineImpl.class
  1256 Mon Mar 20 15:02:46 EST 2000 org/apache/xalan/xslt/XSLTInputSource.class
  2682 Mon Mar 20 15:02:44 EST 2000 org/apache/xalan/xslt/XSLTProcessor.class
  1119 Mon Mar 20 15:02:44 EST 2000 org/apache/xalan/xslt/XSLTProcessorFactory.class
  1899 Mon Mar 20 15:02:46 EST 2000 org/apache/xalan/xslt/XSLTResultTarget.class
